============================= test session starts =============================
platform win32 -- Python 3.12.12, pytest-8.4.2, pluggy-1.6.0 -- C:\PersonalDevFiles\KiloCodeFiles\AI-TTRPG-GoAnywhereDoAnything\.venv\Scripts\python.exe
cachedir: .pytest_cache
rootdir: C:\PersonalDevFiles\KiloCodeFiles\AI-TTRPG-GoAnywhereDoAnything
configfile: pyproject.toml
plugins: anyio-4.13.0, langsmith-0.7.37, asyncio-0.26.0
asyncio: mode=Mode.AUTO, asyncio_default_fixture_loop_scope=None, asyncio_default_test_loop_scope=function
collecting ... collected 1 item

tests/tui/test_input_routing.py::test_freeform_input_echoes_to_narration FAILED [100%]

================================== FAILURES ===================================
___________________ test_freeform_input_echoes_to_narration ___________________

tmp_path = WindowsPath('C:/Users/dsapi/AppData/Local/Temp/pytest-of-dsapi/pytest-138/test_freeform_input_echoes_to_0')

    @pytest.mark.asyncio
    async def test_freeform_input_echoes_to_narration(tmp_path: Path) -> None:
        """TUI-02: player text without / appears in narration and scrollback."""
        root = _init_campaign_root(tmp_path)
        app = build_app(root)
    
>       async with app.run_test() as pilot:
                   ^^^^^^^^^^^^^^

tests\tui\test_input_routing.py:62: 
_ _ _ _ _ _ _ _ _ _ _ _ _ _ _ _ _ _ _ _ _ _ _ _ _ _ _ _ _ _ _ _ _ _ _ _ _ _ _ _

self = <contextlib._AsyncGeneratorContextManager object at 0x000002B07DE53E90>
typ = None, value = None, traceback = None

    async def __aexit__(self, typ, value, traceback):
        if typ is None:
            try:
>               await anext(self.gen)

C:\Users\dsapi\AppData\Roaming\uv\python\cpython-3.12.12-windows-x86_64-none\Lib\contextlib.py:217: 
_ _ _ _ _ _ _ _ _ _ _ _ _ _ _ _ _ _ _ _ _ _ _ _ _ _ _ _ _ _ _ _ _ _ _ _ _ _ _ _

self = SagaSmithApp(title='SagaSmithApp', classes={'-dark-mode'}, pseudo_classes={'focus', 'dark'})

    @asynccontextmanager
    async def run_test(
        self,
        *,
        headless: bool = True,
        size: tuple[int, int] | None = (80, 24),
        tooltips: bool = False,
        notifications: bool = False,
        message_hook: Callable[[Message], None] | None = None,
    ) -> AsyncGenerator[Pilot[ReturnType], None]:
        """An asynchronous context manager for testing apps.
    
        !!! tip
    
            See the guide for [testing](/guide/testing) Textual apps.
    
        Use this to run your app in "headless" mode (no output) and drive the app via a [Pilot][textual.pilot.Pilot] object.
    
        Example:
    
            ```python
            async with app.run_test() as pilot:
                await pilot.click("#Button.ok")
                assert ...
            ```
    
        Args:
            headless: Run in headless mode (no output or input).
            size: Force terminal size to `(WIDTH, HEIGHT)`,
                or None to auto-detect.
            tooltips: Enable tooltips when testing.
            notifications: Enable notifications when testing.
            message_hook: An optional callback that will be called each time any message arrives at any
                message pump in the app.
        """
        from textual.pilot import Pilot
    
        app = self
        app._disable_tooltips = not tooltips
        app._disable_notifications = not notifications
        app_ready_event = asyncio.Event()
    
        def on_app_ready() -> None:
            """Called when app is ready to process events."""
            app_ready_event.set()
    
        async def run_app(app: App) -> None:
            """Run the apps message loop.
    
            Args:
                app: App to run.
            """
    
            with app._context():
                try:
                    if message_hook is not None:
                        message_hook_context_var.set(message_hook)
                    app._loop = asyncio.get_running_loop()
                    app._thread_id = threading.get_ident()
                    await app._process_messages(
                        ready_callback=on_app_ready,
                        headless=headless,
                        terminal_size=size,
                    )
                finally:
                    app_ready_event.set()
    
        # Launch the app in the "background"
    
        app_task = create_task(run_app(app), name=f"run_test {app}")
    
        # Wait until the app has performed all startup routines.
        await app_ready_event.wait()
        with app._context():
            # Context manager returns pilot object to manipulate the app
            try:
                pilot = Pilot(app)
                await pilot._wait_for_screen()
                yield pilot
            finally:
                # Shutdown the app cleanly
                await app._shutdown()
                await app_task
                # Re-raise the exception which caused panic so test frameworks are aware
                if self._exception:
>                   raise self._exception

.venv\Lib\site-packages\textual\app.py:1933: 
_ _ _ _ _ _ _ _ _ _ _ _ _ _ _ _ _ _ _ _ _ _ _ _ _ _ _ _ _ _ _ _ _ _ _ _ _ _ _ _

self = SagaSmithApp(title='SagaSmithApp', classes={'-dark-mode'}, pseudo_classes={'focus', 'dark'})

    async def _process_messages_loop(self) -> None:
        """Process messages until the queue is closed."""
        _rich_traceback_guard = True
        self._thread_id = threading.get_ident()
    
        while not self._closed:
            try:
                message = await self._get_message()
            except MessagePumpClosed:
                break
            except CancelledError:
                raise
            except Exception as error:
                raise error from None
    
            # Combine any pending messages that may supersede this one
            while not (self._closed or self._closing):
                try:
                    pending = self._peek_message()
                except MessagePumpClosed:
                    break
                if pending is None or not message.can_replace(pending):
                    break
                try:
                    message = await self._get_message()
                except MessagePumpClosed:
                    break
    
            try:
>               await self._dispatch_message(message)

.venv\Lib\site-packages\textual\message_pump.py:609: 
_ _ _ _ _ _ _ _ _ _ _ _ _ _ _ _ _ _ _ _ _ _ _ _ _ _ _ _ _ _ _ _ _ _ _ _ _ _ _ _

self = SagaSmithApp(title='SagaSmithApp', classes={'-dark-mode'}, pseudo_classes={'focus', 'dark'})
message = PlayerInputSubmitted()

    async def _dispatch_message(self, message: Message) -> None:
        """Dispatch a message received from the message queue.
    
        Args:
            message: A message object
        """
        _rich_traceback_guard = True
        if message.no_dispatch:
            return
    
        try:
            message_hook = message_hook_context_var.get()
        except LookupError:
            pass
        else:
            message_hook(message)
    
        with self.prevent(*message._prevent):
            # Allow apps to treat events and messages separately
            if isinstance(message, Event):
                await self.on_event(message)
            elif "debug" in self.app.features:
                start = perf_counter()
                await self._on_message(message)
                if perf_counter() - start > SLOW_THRESHOLD / 1000:
                    log.warning(
                        f"method=<{self.__class__.__name__}."
                        f"{message.handler_name}>",
                        f"Took over {SLOW_THRESHOLD}ms to process.",
                        "\nTo avoid screen freezes, consider using a worker.",
                    )
            else:
>               await self._on_message(message)

.venv\Lib\site-packages\textual\message_pump.py:685: 
_ _ _ _ _ _ _ _ _ _ _ _ _ _ _ _ _ _ _ _ _ _ _ _ _ _ _ _ _ _ _ _ _ _ _ _ _ _ _ _

self = SagaSmithApp(title='SagaSmithApp', classes={'-dark-mode'}, pseudo_classes={'focus', 'dark'})
message = PlayerInputSubmitted()

    async def _on_message(self, message: Message) -> None:
        """Called to process a message.
    
        Args:
            message: A Message object.
        """
        _rich_traceback_guard = True
        handler_name = message.handler_name
    
        # Look through the MRO to find a handler
        dispatched = False
        for cls, method in self._get_dispatch_methods(handler_name, message):
            log.event.verbosity(message.verbose)(
                message,
                ">>>",
                self,
                f"method=<{cls.__name__}.{handler_name}>",
            )
            dispatched = True
>           await invoke(method, message)

.venv\Lib\site-packages\textual\message_pump.py:775: 
_ _ _ _ _ _ _ _ _ _ _ _ _ _ _ _ _ _ _ _ _ _ _ _ _ _ _ _ _ _ _ _ _ _ _ _ _ _ _ _

callback = <bound method SagaSmithApp.on_player_input_submitted of SagaSmithApp(title='SagaSmithApp', classes={'-dark-mode'}, pseudo_classes={'focus', 'dark'})>
params = (PlayerInputSubmitted(),)

    async def invoke(callback: Callable[..., Any], *params: object) -> Any:
        """Invoke a callback with an arbitrary number of parameters.
    
        Args:
            callback: The callable to be invoked.
    
        Returns:
            The return value of the invoked callable.
        """
    
        app: App | None
        try:
            app = active_app.get()
        except LookupError:
            # May occur if this method is called outside of an app context (i.e. in a unit test)
            app = None
    
        if app is not None and "debug" in app.features:
            # In debug mode we will warn about callbacks that may be stuck
            def log_slow() -> None:
                """Log a message regarding a slow callback."""
                assert app is not None
                app.log.warning(
                    f"Callback {callback} is still pending after {INVOKE_TIMEOUT_WARNING} seconds"
                )
    
            call_later_handle = asyncio.get_running_loop().call_later(
                INVOKE_TIMEOUT_WARNING, log_slow
            )
            try:
                return await _invoke(callback, *params)
            finally:
                call_later_handle.cancel()
        else:
>           return await _invoke(callback, *params)
                   ^^^^^^^^^^^^^^^^^^^^^^^^^^^^^^^^

.venv\Lib\site-packages\textual\_callback.py:93: 
_ _ _ _ _ _ _ _ _ _ _ _ _ _ _ _ _ _ _ _ _ _ _ _ _ _ _ _ _ _ _ _ _ _ _ _ _ _ _ _

callback = <bound method SagaSmithApp.on_player_input_submitted of SagaSmithApp(title='SagaSmithApp', classes={'-dark-mode'}, pseudo_classes={'focus', 'dark'})>
params = (PlayerInputSubmitted(),), _rich_traceback_guard = True
parameter_count = 1

    async def _invoke(callback: Callable, *params: object) -> Any:
        """Invoke a callback with an arbitrary number of parameters.
    
        Args:
            callback: The callable to be invoked.
    
        Returns:
            The return value of the invoked callable.
        """
        _rich_traceback_guard = True
        parameter_count = count_parameters(callback)
>       result = callback(*params[:parameter_count])
                 ^^^^^^^^^^^^^^^^^^^^^^^^^^^^^^^^^^^

.venv\Lib\site-packages\textual\_callback.py:53: 
_ _ _ _ _ _ _ _ _ _ _ _ _ _ _ _ _ _ _ _ _ _ _ _ _ _ _ _ _ _ _ _ _ _ _ _ _ _ _ _

self = SagaSmithApp(title='SagaSmithApp', classes={'-dark-mode'}, pseudo_classes={'focus', 'dark'})
event = PlayerInputSubmitted()

    def on_player_input_submitted(self, event: PlayerInputSubmitted) -> None:
        narration = self.query_one(NarrationArea)
        narration.append_line(f"> {event.text}")
        self.state.scrollback.append(f"> {event.text}")
        # Phase 4: drive graph turn when runtime is bound
        if self.graph_runtime is not None:
            state = self._build_play_state(event.text)
>           self.graph_runtime.invoke_turn(state)

src\sagasmith\tui\app.py:128: 
_ _ _ _ _ _ _ _ _ _ _ _ _ _ _ _ _ _ _ _ _ _ _ _ _ _ _ _ _ _ _ _ _ _ _ _ _ _ _ _

self = GraphRuntime(graph=<langgraph.graph.state.CompiledStateGraph object at 0x000002B07E70D250>, db_conn=<sqlite3.Connectio...02B07E7104A0>, archivist=<function _wrap_bootstrap_with_logger.<locals>._wrap.<locals>.wrapped at 0x000002B07E7105E0>))
initial_state = {'campaign_id': 'route-test-0ca25e9a', 'character_sheet': None, 'check_results': [], 'combat_state': None, ...}

    def invoke_turn(self, initial_state: dict[str, Any]) -> dict[str, Any]:
        """Run the graph from START up to (but not including) orator.
    
        After the interrupt fires, writes a CheckpointRef(kind=pre_narration)
        row owned by this runtime. Returns the latest state values.
    
        Idempotent: if the thread is already at the orator interrupt or has
        already completed (next == () with values), returns immediately
        without re-running prior nodes.
    
        BudgetStopError raised inside any node is caught at the runtime
        boundary and translated to InterruptKind.BUDGET_STOP ù nodes never
        see interrupt types.
        """
        from sagasmith.services.errors import BudgetStopError
    
        turn_id = initial_state["turn_id"]
        snapshot = self.graph.get_state(self.thread_config)
        if snapshot.next == ("orator",) or (snapshot.next == () and snapshot.values):
            return snapshot.values
        try:
>           _ = self.graph.invoke(initial_state, self.thread_config)
                ^^^^^^^^^^^^^^^^^^^^^^^^^^^^^^^^^^^^^^^^^^^^^^^^^^^^

src\sagasmith\graph\runtime.py:70: 
_ _ _ _ _ _ _ _ _ _ _ _ _ _ _ _ _ _ _ _ _ _ _ _ _ _ _ _ _ _ _ _ _ _ _ _ _ _ _ _

self = <langgraph.graph.state.CompiledStateGraph object at 0x000002B07E70D250>
input = {'campaign_id': 'route-test-0ca25e9a', 'character_sheet': None, 'check_results': [], 'combat_state': None, ...}
config = {'configurable': {'thread_id': 'campaign:route-test-0ca25e9a'}}
context = None, stream_mode = 'values', print_mode = ()
output_keys = ['campaign_id', 'session_id', 'turn_id', 'phase', 'player_profile', 'content_policy', ...]
interrupt_before = None, interrupt_after = None, durability = None
version = 'v1'

    def invoke(
        self,
        input: InputT | Command | None,
        config: RunnableConfig | None = None,
        *,
        context: ContextT | None = None,
        stream_mode: StreamMode = "values",
        print_mode: StreamMode | Sequence[StreamMode] = (),
        output_keys: str | Sequence[str] | None = None,
        interrupt_before: All | Sequence[str] | None = None,
        interrupt_after: All | Sequence[str] | None = None,
        durability: Durability | None = None,
        version: Literal["v1", "v2"] = "v1",
        **kwargs: Any,
    ) -> dict[str, Any] | Any:
        """Run the graph with a single input and config.
    
        Args:
            input: The input data for the graph. It can be a dictionary or any other type.
            config: The configuration for the graph run.
            context: The static context to use for the run.
                !!! version-added "Added in version 0.6.0"
            stream_mode: The stream mode for the graph run.
            print_mode: Accepts the same values as `stream_mode`, but only prints the output to the console, for debugging purposes.
    
                Does not affect the output of the graph in any way.
            output_keys: The output keys to retrieve from the graph run.
            interrupt_before: The nodes to interrupt the graph run before.
            interrupt_after: The nodes to interrupt the graph run after.
            durability: The durability mode for the graph execution, defaults to `"async"`.
    
                Options are:
    
                - `"sync"`: Changes are persisted synchronously before the next step starts.
                - `"async"`: Changes are persisted asynchronously while the next step executes.
                - `"exit"`: Changes are persisted only when the graph exits.
            version: The streaming format version. `"v1"` (default) returns the
                traditional format, `"v2"` returns `StreamPart` typed dicts when
                `stream_mode` is not `"values"`.
            **kwargs: Additional keyword arguments to pass to the graph run.
    
        Returns:
            The output of the graph run. If `stream_mode` is `"values"`, it returns the latest output.
            If `stream_mode` is not `"values"`, it returns a list of output chunks.
        """
        output_keys = output_keys if output_keys is not None else self.output_channels
    
        latest: dict[str, Any] | Any = None
        chunks: list[dict[str, Any] | Any] = []
        interrupts: list[Interrupt] = []
    
        if version == "v2":
            # v2: values stream parts carry interrupts directly
            for chunk in self.stream(
                input,
                config,
                context=context,
                stream_mode="values" if stream_mode == "values" else stream_mode,
                print_mode=print_mode,
                output_keys=output_keys,
                interrupt_before=interrupt_before,
                interrupt_after=interrupt_after,
                durability=durability,
                version=version,
                **kwargs,
            ):
                if stream_mode == "values":
                    latest = chunk["data"]
                    if chunk_ints := chunk.get("interrupts", ()):
                        interrupts.extend(chunk_ints)  # type: ignore[arg-type]
                else:
                    chunks.append(chunk)
        else:
            # v1: collect interrupts from updates stream
>           for chunk in self.stream(
                input,
                config,
                context=context,
                stream_mode=(
                    ["updates", "values"] if stream_mode == "values" else stream_mode
                ),
                print_mode=print_mode,
                output_keys=output_keys,
                interrupt_before=interrupt_before,
                interrupt_after=interrupt_after,
                durability=durability,
                **kwargs,
            ):

.venv\Lib\site-packages\langgraph\pregel\main.py:3365: 
_ _ _ _ _ _ _ _ _ _ _ _ _ _ _ _ _ _ _ _ _ _ _ _ _ _ _ _ _ _ _ _ _ _ _ _ _ _ _ _

self = <langgraph.graph.state.CompiledStateGraph object at 0x000002B07E70D250>
input = {'campaign_id': 'route-test-0ca25e9a', 'character_sheet': None, 'check_results': [], 'combat_state': None, ...}
config = {'callbacks': None, 'configurable': {'__pregel_runtime': Runtime(context=None, store=None, stream_writer=<function Pre...te-test-0ca25e9a'}, 'metadata': ChainMap({'thread_id': 'campaign:route-test-0ca25e9a'}), 'recursion_limit': 10007, ...}
context = None, stream_mode = ['updates', 'values'], print_mode = ()
output_keys = ['campaign_id', 'session_id', 'turn_id', 'phase', 'player_profile', 'content_policy', ...]
interrupt_before = None, interrupt_after = None, durability = None
subgraphs = False

    def stream(
        self,
        input: InputT | Command | None,
        config: RunnableConfig | None = None,
        *,
        context: ContextT | None = None,
        stream_mode: StreamMode | Sequence[StreamMode] | None = None,
        print_mode: StreamMode | Sequence[StreamMode] = (),
        output_keys: str | Sequence[str] | None = None,
        interrupt_before: All | Sequence[str] | None = None,
        interrupt_after: All | Sequence[str] | None = None,
        durability: Durability | None = None,
        subgraphs: bool = False,
        debug: bool | None = None,
        version: Literal["v1", "v2"] = "v1",
        **kwargs: Unpack[DeprecatedKwargs],
    ) -> Iterator[dict[str, Any] | Any]:
        """Stream graph steps for a single input.
    
        Args:
            input: The input to the graph.
            config: The configuration to use for the run.
            context: The static context to use for the run.
                !!! version-added "Added in version 0.6.0"
            stream_mode: The mode to stream output, defaults to `self.stream_mode`.
    
                Options are:
    
                - `"values"`: Emit all values in the state after each step, including interrupts.
                    When used with functional API, values are emitted once at the end of the workflow.
                - `"updates"`: Emit only the node or task names and updates returned by the nodes or tasks after each step.
                    If multiple updates are made in the same step (e.g. multiple nodes are run) then those updates are emitted separately.
                - `"custom"`: Emit custom data from inside nodes or tasks using `StreamWriter`.
                - `"messages"`: Emit LLM messages token-by-token together with metadata for any LLM invocations inside nodes or tasks.
                    - Will be emitted as 2-tuples `(LLM token, metadata)`.
                - `"checkpoints"`: Emit an event when a checkpoint is created, in the same format as returned by `get_state()`.
                - `"tasks"`: Emit events when tasks start and finish, including their results and errors.
                - `"debug"`: Emit debug events with as much information as possible for each step.
    
                You can pass a list as the `stream_mode` parameter to stream multiple modes at once.
                The streamed outputs will be tuples of `(mode, data)`.
    
                See [LangGraph streaming guide](https://docs.langchain.com/oss/python/langgraph/streaming) for more details.
            print_mode: Accepts the same values as `stream_mode`, but only prints the output to the console, for debugging purposes.
    
                Does not affect the output of the graph in any way.
            output_keys: The keys to stream, defaults to all non-context channels.
            interrupt_before: Nodes to interrupt before, defaults to all nodes in the graph.
            interrupt_after: Nodes to interrupt after, defaults to all nodes in the graph.
            durability: The durability mode for the graph execution, defaults to `"async"`.
    
                Options are:
    
                - `"sync"`: Changes are persisted synchronously before the next step starts.
                - `"async"`: Changes are persisted asynchronously while the next step executes.
                - `"exit"`: Changes are persisted only when the graph exits.
            subgraphs: Whether to stream events from inside subgraphs, defaults to `False`.
    
                If `True`, the events will be emitted as tuples `(namespace, data)`,
                or `(namespace, mode, data)` if `stream_mode` is a list,
                where `namespace` is a tuple with the path to the node where a subgraph is invoked,
                e.g. `("parent_node:<task_id>", "child_node:<task_id>")`.
    
                See [LangGraph streaming guide](https://docs.langchain.com/oss/python/langgraph/streaming) for more details.
    
        Yields:
            The output of each step in the graph. The output shape depends on the `stream_mode`.
        """
        if (checkpoint_during := kwargs.get("checkpoint_during")) is not None:
            warnings.warn(
                "`checkpoint_during` is deprecated and will be removed. Please use `durability` instead.",
                category=LangGraphDeprecatedSinceV10,
                stacklevel=2,
            )
            if durability is not None:
                raise ValueError(
                    "Cannot use both `checkpoint_during` and `durability` parameters. Please use `durability` instead."
                )
            durability = "async" if checkpoint_during else "exit"
    
        if stream_mode is None:
            # if being called as a node in another graph, default to values mode
            # but don't overwrite stream_mode arg if provided
            stream_mode = (
                "values"
                if config is not None and CONFIG_KEY_TASK_ID in config.get(CONF, {})
                else self.stream_mode
            )
        if debug or self.debug:
            print_mode = ["updates", "values"]
    
        stream = SyncQueue()
    
        config = ensure_config(self.config, config)
        callback_manager = get_callback_manager_for_config(config)
        if "ls_integration" not in callback_manager.metadata:
            callback_manager.add_metadata({"ls_integration": "langgraph"})
        run_manager = callback_manager.on_chain_start(
            None,
            input,
            name=config.get("run_name", self.get_name()),
            run_id=config.get("run_id"),
        )
        graph_callback_manager = get_sync_graph_callback_manager_for_config(
            config,
            run_id=run_manager.run_id,
        )
        try:
            # assign defaults
            (
                stream_modes,
                output_keys,
                interrupt_before_,
                interrupt_after_,
                checkpointer,
                store,
                cache,
                durability_,
            ) = self._defaults(
                config,
                stream_mode=stream_mode,
                print_mode=print_mode,
                output_keys=output_keys,
                interrupt_before=interrupt_before,
                interrupt_after=interrupt_after,
                durability=durability,
            )
            if checkpointer is None and durability is not None:
                warnings.warn(
                    "`durability` has no effect when no checkpointer is present.",
                )
            # set up subgraph checkpointing
            if self.checkpointer is True:
                ns = cast(str, config[CONF][CONFIG_KEY_CHECKPOINT_NS])
                config[CONF][CONFIG_KEY_CHECKPOINT_NS] = recast_checkpoint_ns(ns)
            # set up messages stream mode
            if "messages" in stream_modes:
                ns_ = cast(str | None, config[CONF].get(CONFIG_KEY_CHECKPOINT_NS))
                run_manager.inheritable_handlers.append(
                    StreamMessagesHandler(
                        stream.put,
                        subgraphs,
                        parent_ns=tuple(ns_.split(NS_SEP)) if ns_ else None,
                    )
                )
    
            # set up custom stream mode
            if "custom" in stream_modes:
    
                def stream_writer(c: Any) -> None:
                    stream.put(
                        (
                            tuple(
                                get_config()[CONF][CONFIG_KEY_CHECKPOINT_NS].split(
                                    NS_SEP
                                )[:-1]
                            ),
                            "custom",
                            c,
                        )
                    )
            elif CONFIG_KEY_STREAM in config[CONF]:
                stream_writer = config[CONF][CONFIG_KEY_RUNTIME].stream_writer
            else:
    
                def stream_writer(c: Any) -> None:
                    pass
    
            # set durability mode for subgraphs
            if durability is not None:
                config[CONF][CONFIG_KEY_DURABILITY] = durability_
    
            # build server_info from metadata + parent runtime
            parent_runtime = config[CONF].get(CONFIG_KEY_RUNTIME, DEFAULT_RUNTIME)
            server_info = _build_server_info(config, parent_runtime)
    
            runtime = Runtime(
                context=_coerce_context(self.context_schema, context),
                store=store,
                stream_writer=stream_writer,
                previous=None,
                execution_info=None,
                server_info=server_info,
            )
            runtime = parent_runtime.merge(runtime)
            config[CONF][CONFIG_KEY_RUNTIME] = runtime
    
            # resolve mappers for v2 stream coercion
            _output_mapper = self._output_mapper if version == "v2" else None
            _state_mapper = self._state_mapper if version == "v2" else None
    
            def emit_graph_lifecycle_events(loop: SyncPregelLoop) -> None:
                while (event := loop._pop_lifecycle_event()) is not None:
                    if isinstance(event, GraphResumeEvent):
                        graph_callback_manager.on_resume(
                            replace(event, run_id=graph_callback_manager.run_id)
                        )
                    else:
                        graph_callback_manager.on_interrupt(
                            replace(event, run_id=graph_callback_manager.run_id)
                        )
    
            with SyncPregelLoop(
                input,
                stream=StreamProtocol(stream.put, stream_modes),
                config=config,
                store=store,
                cache=cache,
                checkpointer=checkpointer,
                nodes=self.nodes,
                specs=self.channels,
                output_keys=output_keys,
                input_keys=self.input_channels,
                stream_keys=self.stream_channels_asis,
                interrupt_before=interrupt_before_,
                interrupt_after=interrupt_after_,
                manager=run_manager,
                durability=durability_,
                trigger_to_nodes=self.trigger_to_nodes,
                migrate_checkpoint=self._migrate_checkpoint,
                retry_policy=self.retry_policy,
                cache_policy=self.cache_policy,
                has_graph_lifecycle_callbacks=bool(graph_callback_manager.handlers),
            ) as loop:
                emit_graph_lifecycle_events(loop)
                # create runner
                runner = PregelRunner(
                    submit=config[CONF].get(
                        CONFIG_KEY_RUNNER_SUBMIT, weakref.WeakMethod(loop.submit)
                    ),
                    put_writes=weakref.WeakMethod(loop.put_writes),
                    node_finished=config[CONF].get(CONFIG_KEY_NODE_FINISHED),
                )
                # enable subgraph streaming
                if subgraphs:
                    loop.config[CONF][CONFIG_KEY_STREAM] = loop.stream
                # enable concurrent streaming
                get_waiter: Callable[[], concurrent.futures.Future[None]] | None = None
                if (
                    self.stream_eager
                    or subgraphs
                    or "messages" in stream_modes
                    or "custom" in stream_modes
                ):
                    # we are careful to have a single waiter live at any one time
                    # because on exit we increment semaphore count by exactly 1
                    waiter: concurrent.futures.Future | None = None
                    # because sync futures cannot be cancelled, we instead
                    # release the stream semaphore on exit, which will cause
                    # a pending waiter to return immediately
                    loop.stack.callback(stream._count.release)
    
                    def get_waiter() -> concurrent.futures.Future[None]:
                        nonlocal waiter
                        if waiter is None or waiter.done():
                            waiter = loop.submit(stream.wait)
                            return waiter
                        else:
                            return waiter
    
                # Similarly to Bulk Synchronous Parallel / Pregel model
                # computation proceeds in steps, while there are channel updates.
                # Channel updates from step N are only visible in step N+1
                # channels are guaranteed to be immutable for the duration of the step,
                # with channel updates applied only at the transition between steps.
                while loop.tick():
                    for task in loop.match_cached_writes():
                        loop.output_writes(task.id, task.writes, cached=True)
>                   for _ in runner.tick(
                        [t for t in loop.tasks.values() if not t.writes],
                        timeout=self.step_timeout,
                        get_waiter=get_waiter,
                        schedule_task=loop.accept_push,
                    ):

.venv\Lib\site-packages\langgraph\pregel\main.py:2759: 
_ _ _ _ _ _ _ _ _ _ _ _ _ _ _ _ _ _ _ _ _ _ _ _ _ _ _ _ _ _ _ _ _ _ _ _ _ _ _ _

self = <langgraph.pregel._runner.PregelRunner object at 0x000002B07E929A90>
tasks = (PregelExecutableTask(name='oracle', input={'campaign_id': 'route-test-0ca25e9a', 'session_id': 'session_001', 'turn_i...=[]), ChannelWriteEntry(channel='branch:to:rules_lawyer', value=None, skip_none=False, mapper=None)))], subgraphs=[]),)

    def tick(
        self,
        tasks: Iterable[PregelExecutableTask],
        *,
        reraise: bool = True,
        timeout: float | None = None,
        retry_policy: Sequence[RetryPolicy] | None = None,
        get_waiter: Callable[[], concurrent.futures.Future[None]] | None = None,
        schedule_task: Callable[
            [PregelExecutableTask, int, Call | None],
            PregelExecutableTask | None,
        ],
    ) -> Iterator[None]:
        tasks = tuple(tasks)
        futures = FuturesDict(
            callback=weakref.WeakMethod(self.commit),
            event=threading.Event(),
            future_type=concurrent.futures.Future,
        )
        # give control back to the caller
        yield
        # fast path if single task with no timeout and no waiter
        if len(tasks) == 0:
            return
        elif len(tasks) == 1 and timeout is None and get_waiter is None:
            t = tasks[0]
            try:
>               run_with_retry(
                    t,
                    retry_policy,
                    configurable={
                        CONFIG_KEY_CALL: partial(
                            _call,
                            weakref.ref(t),
                            retry_policy=retry_policy,
                            futures=weakref.ref(futures),
                            schedule_task=schedule_task,
                            submit=self.submit,
                        ),
                    },
                )

.venv\Lib\site-packages\langgraph\pregel\_runner.py:167: 
_ _ _ _ _ _ _ _ _ _ _ _ _ _ _ _ _ _ _ _ _ _ _ _ _ _ _ _ _ _ _ _ _ _ _ _ _ _ _ _

task = PregelExecutableTask(name='oracle', input={'campaign_id': 'route-test-0ca25e9a', 'session_id': 'session_001', 'turn_id...ic=[]), ChannelWriteEntry(channel='branch:to:rules_lawyer', value=None, skip_none=False, mapper=None)))], subgraphs=[])
retry_policy = None
configurable = {'__pregel_call': functools.partial(<function _call at 0x000002B07E6ED3A0>, <weakref at 0x000002B07E944810; to 'Pregel...object at 0x000002B07E2F3920>>, submit=<weakref at 0x000002B07E8EB7D0; to 'BackgroundExecutor' at 0x000002B07E70C6B0>)}

    def run_with_retry(
        task: PregelExecutableTask,
        retry_policy: Sequence[RetryPolicy] | None,
        configurable: dict[str, Any] | None = None,
    ) -> None:
        """Run a task with retries."""
        retry_policy = task.retry_policy or retry_policy
        attempts = 0
        node_first_attempt_time = time.time()
        config = task.config
        if configurable is not None:
            config = patch_configurable(config, configurable)
        runtime = config.get(CONF, {}).get(CONFIG_KEY_RUNTIME)
        if isinstance(runtime, Runtime):
            runtime = _ensure_execution_info(runtime, config, task)
            config = patch_configurable(
                config,
                {
                    CONFIG_KEY_RUNTIME: runtime.patch_execution_info(
                        node_first_attempt_time=node_first_attempt_time,
                    )
                },
            )
        while True:
            runtime = config.get(CONF, {}).get(CONFIG_KEY_RUNTIME)
            if isinstance(runtime, Runtime):
                config = patch_configurable(
                    config,
                    {
                        CONFIG_KEY_RUNTIME: runtime.patch_execution_info(
                            # node_attempt is execution count (1-indexed): 1 on first run,
                            # then 2, 3, ... on subsequent retries.
                            node_attempt=attempts + 1,
                        )
                    },
                )
            try:
                # clear any writes from previous attempts
                task.writes.clear()
                # run the task
>               return task.proc.invoke(task.input, config)
                       ^^^^^^^^^^^^^^^^^^^^^^^^^^^^^^^^^^^^

.venv\Lib\site-packages\langgraph\pregel\_retry.py:126: 
_ _ _ _ _ _ _ _ _ _ _ _ _ _ _ _ _ _ _ _ _ _ _ _ _ _ _ _ _ _ _ _ _ _ _ _ _ _ _ _

self = <langgraph._internal._runnable.RunnableSeq object at 0x000002B07E92A0F0>
input = {'campaign_id': 'route-test-0ca25e9a', 'character_sheet': None, 'check_results': [], 'combat_state': None, ...}
config = {'callbacks': <langchain_core.callbacks.manager.CallbackManager object at 0x000002B07E929CA0>, 'configurable': {'__pre...4f-640ef8c1551a', 'langgraph_node': 'oracle', 'langgraph_path': ('__pregel_pull', 'oracle'), 'langgraph_step': 1, ...}}
kwargs = {}
callback_manager = <langchain_core.callbacks.manager.CallbackManager object at 0x000002B07E92A180>
run_manager = <langchain_core.callbacks.manager.CallbackManagerForChainRun object at 0x000002B07E929C10>
i = 0
step = oracle(tags=None, recurse=True, explode_args=False, func_accepts={})
run = None, context = <_contextvars.Context object at 0x000002B07E774F40>

    def invoke(
        self, input: Input, config: RunnableConfig | None = None, **kwargs: Any
    ) -> Any:
        if config is None:
            config = ensure_config()
        # setup callbacks and context
        callback_manager = get_callback_manager_for_config(config)
        # start the root run
        run_manager = callback_manager.on_chain_start(
            None,
            self.trace_inputs(input) if self.trace_inputs is not None else input,
            name=config.get("run_name") or self.get_name(),
            run_id=config.pop("run_id", None),
        )
        # invoke all steps in sequence
        try:
            for i, step in enumerate(self.steps):
                # mark each step as a child run
                config = patch_config(
                    config, callbacks=run_manager.get_child(f"seq:step:{i + 1}")
                )
                # 1st step is the actual node,
                # others are writers which don't need to be run in context
                if i == 0:
                    # get the run object
                    for h in run_manager.handlers:
                        if isinstance(h, LangChainTracer):
                            run = h.run_map.get(str(run_manager.run_id))
                            break
                    else:
                        run = None
                    # run in context
                    with set_config_context(config, run) as context:
>                       input = context.run(step.invoke, input, config, **kwargs)
                                ^^^^^^^^^^^^^^^^^^^^^^^^^^^^^^^^^^^^^^^^^^^^^^^^^

.venv\Lib\site-packages\langgraph\_internal\_runnable.py:656: 
_ _ _ _ _ _ _ _ _ _ _ _ _ _ _ _ _ _ _ _ _ _ _ _ _ _ _ _ _ _ _ _ _ _ _ _ _ _ _ _

self = oracle(tags=None, recurse=True, explode_args=False, func_accepts={})
input = {'campaign_id': 'route-test-0ca25e9a', 'character_sheet': None, 'check_results': [], 'combat_state': None, ...}
config = {'callbacks': <langchain_core.callbacks.manager.CallbackManager object at 0x000002B07E929CA0>, 'configurable': {'__pre...4f-640ef8c1551a', 'langgraph_node': 'oracle', 'langgraph_path': ('__pregel_pull', 'oracle'), 'langgraph_step': 1, ...}}
kwargs = {}
args = ({'campaign_id': 'route-test-0ca25e9a', 'character_sheet': None, 'check_results': [], 'combat_state': None, ...},)
runtime = Runtime(context=None, store=None, stream_writer=<function Pregel.stream.<locals>.stream_writer at 0x000002B07E8B3240>,...paign:route-test-0ca25e9a', run_id=None, node_attempt=1, node_first_attempt_time=1777324388.9101279), server_info=None)

    def invoke(
        self, input: Any, config: RunnableConfig | None = None, **kwargs: Any
    ) -> Any:
        if self.func is None:
            raise TypeError(
                f'No synchronous function provided to "{self.name}".'
                "\nEither initialize with a synchronous function or invoke"
                " via the async API (ainvoke, astream, etc.)"
            )
        if config is None:
            config = ensure_config()
        if self.explode_args:
            args, _kwargs = input
            kwargs = {**self.kwargs, **_kwargs, **kwargs}
        else:
            args = (input,)
            kwargs = {**self.kwargs, **kwargs}
    
        runtime = config.get(CONF, {}).get(CONFIG_KEY_RUNTIME)
    
        for kw, (runtime_key, default) in self.func_accepts.items():
            # If the kwarg is already set, use the set value
            if kw in kwargs:
                continue
    
            kw_value: Any = MISSING
            if kw == "config":
                kw_value = config
            elif runtime:
                if kw == "runtime":
                    kw_value = runtime
                else:
                    try:
                        kw_value = getattr(runtime, runtime_key)
                    except AttributeError:
                        pass
    
            if kw_value is MISSING:
                if default is inspect.Parameter.empty:
                    raise ValueError(
                        f"Missing required config key '{runtime_key}' for '{self.name}'."
                    )
                kw_value = default
            kwargs[kw] = kw_value
    
        if self.trace:
            callback_manager = get_callback_manager_for_config(config, self.tags)
            run_manager = callback_manager.on_chain_start(
                None,
                input,
                name=config.get("run_name") or self.get_name(),
                run_id=config.pop("run_id", None),
            )
            try:
                child_config = patch_config(config, callbacks=run_manager.get_child())
                # get the run
                for h in run_manager.handlers:
                    if isinstance(h, LangChainTracer):
                        run = h.run_map.get(str(run_manager.run_id))
                        break
                else:
                    run = None
                # run in context
                with set_config_context(child_config, run) as context:
                    ret = context.run(self.func, *args, **kwargs)
            except BaseException as e:
                run_manager.on_chain_error(e)
                raise
            else:
                run_manager.on_chain_end(ret)
        else:
>           ret = self.func(*args, **kwargs)
                  ^^^^^^^^^^^^^^^^^^^^^^^^^^

.venv\Lib\site-packages\langgraph\_internal\_runnable.py:400: 
_ _ _ _ _ _ _ _ _ _ _ _ _ _ _ _ _ _ _ _ _ _ _ _ _ _ _ _ _ _ _ _ _ _ _ _ _ _ _ _

state = {'campaign_id': 'route-test-0ca25e9a', 'character_sheet': None, 'check_results': [], 'combat_state': None, ...}
args = (), kwargs = {}, turn_id = 'turn_000001'

    def wrapped(state, *args, **kwargs):
        turn_id = state["turn_id"]
>       with AgentActivationLogger(
            db_conn, turn_id=turn_id, agent_name=agent_name
        ):

src\sagasmith\graph\runtime.py:216: 
_ _ _ _ _ _ _ _ _ _ _ _ _ _ _ _ _ _ _ _ _ _ _ _ _ _ _ _ _ _ _ _ _ _ _ _ _ _ _ _

self = <sagasmith.graph.activation_log.AgentActivationLogger object at 0x000002B07E92A150>
exc_type = None, exc = None, tb = None

    def __exit__(
        self,
        exc_type: type[BaseException] | None,
        exc: BaseException | None,
        tb: object,
    ) -> Literal[False]:
        try:
            completed_at = datetime.now(UTC).isoformat()
            if exc_type is None:
                outcome: Literal["success", "interrupted", "error"] = "success"
            else:
                # Detect LangGraph Interrupt (may be GraphInterrupt or similar)
                # Name is module-qualified; use a robust match
                exc_module = getattr(exc_type, "__module__", "")
                exc_name = getattr(exc_type, "__name__", "")
                if exc_module.startswith("langgraph") and "interrupt" in exc_name.lower():
                    outcome = "interrupted"
                else:
                    outcome = "error"
    
            assert self._activation is not None
            record = AgentSkillLogRecord(
                turn_id=self._activation.turn_id,
                agent_name=self._activation.agent_name,
                skill_name=self._activation.skill_name,
                started_at=self._activation.started_at,
                completed_at=completed_at,
                outcome=outcome,
            )
            canary = self._canary or _default_canary()
            if canary.scan(record.model_dump_json()):
                raise TrustServiceError("agent activation record contains redacted content")
>           AgentSkillLogRepository(self._conn).append(record)

src\sagasmith\graph\activation_log.py:127: 
_ _ _ _ _ _ _ _ _ _ _ _ _ _ _ _ _ _ _ _ _ _ _ _ _ _ _ _ _ _ _ _ _ _ _ _ _ _ _ _

self = AgentSkillLogRepository(conn=<sqlite3.Connection object at 0x000002B07DD935B0>)
record = AgentSkillLogRecord(turn_id='turn_000001', agent_name='oracle', skill_name=None, started_at='2026-04-27T21:13:08.910127+00:00', completed_at='2026-04-27T21:13:08.910127+00:00', outcome='success')

    def append(self, record: AgentSkillLogRecord) -> int:
>       cursor = self.conn.execute(
            """
            INSERT INTO agent_skill_log
                (turn_id, agent_name, skill_name, started_at, completed_at, outcome)
            VALUES (?, ?, ?, ?, ?, ?)
            """,
            (
                record.turn_id,
                record.agent_name,
                record.skill_name,
                record.started_at,
                record.completed_at,
                record.outcome,
            ),
        )
E       sqlite3.IntegrityError: FOREIGN KEY constraint failed
E       During task with name 'oracle' and id 'a9466529-aef4-7dab-a44f-640ef8c1551a'

src\sagasmith\persistence\repositories.py:343: IntegrityError
---------------------------- Captured stderr call -----------------------------
\u256d\u2500\u2500\u2500\u2500\u2500\u2500\u2500\u2500\u2500\u2500\u2500\u2500\u2500\u2500\u2500\u2500\u2500\u2500\u2500\u2500\u2500 Traceback (most recent call last) \u2500\u2500\u2500\u2500\u2500\u2500\u2500\u2500\u2500\u2500\u2500\u2500\u2500\u2500\u2500\u2500\u2500\u2500\u2500\u2500\u2500\u2500\n\u2502 C:\\PersonalDevFiles\\KiloCodeFiles\\AI-TTRPG-GoAnywhereDoAnything\\src\\sagasmit \n\u2502 h\\tui\\app.py:128 in on_player_input_submitted                                \n\u2502                                                                              \n\u2502   125 \u2502   \u2502   # Phase 4: drive graph turn when runtime is bound              \n\u2502   126 \u2502   \u2502   if self.graph_runtime is not None:                             \n\u2502   127 \u2502   \u2502   \u2502   state = self._build_play_state(event.text)                 \n\u2502 \u2771 128 \u2502   \u2502   \u2502   self.graph_runtime.invoke_turn(state)                      \n\u2502   129 \u2502                                                                      \n\u2502   130 \u2502   def _build_play_state(self, player_input: str) -> dict[str, object \n\u2502   131 \u2502   \u2502   """Minimal play-phase state for stub graph nodes."""           \n\u2502                                                                              \n\u2502 \u256d\u2500\u2500\u2500\u2500\u2500\u2500\u2500\u2500\u2500\u2500\u2500\u2500\u2500\u2500\u2500\u2500\u2500\u2500\u2500\u2500\u2500\u2500\u2500\u2500\u2500\u2500\u2500\u2500\u2500\u2500\u2500\u2500\u2500 locals \u2500\u2500\u2500\u2500\u2500\u2500\u2500\u2500\u2500\u2500\u2500\u2500\u2500\u2500\u2500\u2500\u2500\u2500\u2500\u2500\u2500\u2500\u2500\u2500\u2500\u2500\u2500\u2500\u2500\u2500\u2500\u2500\u2500\u256e \n\u2502 \u2502     event = PlayerInputSubmitted()                                       \u2502 \n\u2502 \u2502 narration = NarrationArea(id='narration-area')                           \u2502 \n\u2502 \u2502      self = SagaSmithApp(                                                \u2502 \n\u2502 \u2502             \u2502   title='SagaSmithApp',                                    \u2502 \n\u2502 \u2502             \u2502   classes={'-dark-mode'},                                  \u2502 \n\u2502 \u2502             \u2502   pseudo_classes={'focus', 'dark'}                         \u2502 \n\u2502 \u2502             )                                                            \u2502 \n\u2502 \u2502     state = {                                                            \u2502 \n\u2502 \u2502             \u2502   'campaign_id': 'route-test-0ca25e9a',                    \u2502 \n\u2502 \u2502             \u2502   'session_id': 'session_001',                             \u2502 \n\u2502 \u2502             \u2502   'turn_id': 'turn_000001',                                \u2502 \n\u2502 \u2502             \u2502   'phase': 'play',                                         \u2502 \n\u2502 \u2502             \u2502   'player_profile': None,                                  \u2502 \n\u2502 \u2502             \u2502   'content_policy': None,                                  \u2502 \n\u2502 \u2502             \u2502   'house_rules': None,                                     \u2502 \n\u2502 \u2502             \u2502   'character_sheet': None,                                 \u2502 \n\u2502 \u2502             \u2502   'session_state': {                                       \u2502 \n\u2502 \u2502             \u2502   \u2502   'current_scene_id': None,                            \u2502 \n\u2502 \u2502             \u2502   \u2502   'current_location_id': None,                         \u2502 \n\u2502 \u2502             \u2502   \u2502   'active_quest_ids': [],                              \u2502 \n\u2502 \u2502             \u2502   \u2502   'in_game_clock': {                                   \u2502 \n\u2502 \u2502             \u2502   \u2502   \u2502   'day': 1,                                        \u2502 \n\u2502 \u2502             \u2502   \u2502   \u2502   'hour': 12,                                      \u2502 \n\u2502 \u2502             \u2502   \u2502   \u2502   'minute': 0                                      \u2502 \n\u2502 \u2502             \u2502   \u2502   },                                                   \u2502 \n\u2502 \u2502             \u2502   \u2502   'turn_count': 0,                                     \u2502 \n\u2502 \u2502             \u2502   \u2502   'transcript_cursor': None,                           \u2502 \n\u2502 \u2502             \u2502   \u2502   'last_checkpoint_id': None                           \u2502 \n\u2502 \u2502             \u2502   },                                                       \u2502 \n\u2502 \u2502             \u2502   'combat_state': None,                                    \u2502 \n\u2502 \u2502             \u2502   ... +10                                                  \u2502 \n\u2502 \u2502             }                                                            \u2502 \n\u2502 \u2570\u2500\u2500\u2500\u2500\u2500\u2500\u2500\u2500\u2500\u2500\u2500\u2500\u2500\u2500\u2500\u2500\u2500\u2500\u2500\u2500\u2500\u2500\u2500\u2500\u2500\u2500\u2500\u2500\u2500\u2500\u2500\u2500\u2500\u2500\u2500\u2500\u2500\u2500\u2500\u2500\u2500\u2500\u2500\u2500\u2500\u2500\u2500\u2500\u2500\u2500\u2500\u2500\u2500\u2500\u2500\u2500\u2500\u2500\u2500\u2500\u2500\u2500\u2500\u2500\u2500\u2500\u2500\u2500\u2500\u2500\u2500\u2500\u2500\u2500\u256f \n\u2502                                                                              \n\u2502 C:\\PersonalDevFiles\\KiloCodeFiles\\AI-TTRPG-GoAnywhereDoAnything\\src\\sagasmit \n\u2502 h\\graph\\runtime.py:70 in invoke_turn                                         \n\u2502                                                                              \n\u2502    67 \u2502   \u2502   if snapshot.next == ("orator",) or (snapshot.next == () and sn \n\u2502    68 \u2502   \u2502   \u2502   return snapshot.values                                     \n\u2502    69 \u2502   \u2502   try:                                                           \n\u2502 \u2771  70 \u2502   \u2502   \u2502   _ = self.graph.invoke(initial_state, self.thread_config)   \n\u2502    71 \u2502   \u2502   except BudgetStopError as e:                                   \n\u2502    72 \u2502   \u2502   \u2502   _ = self.post_interrupt(kind=InterruptKind.BUDGET_STOP, pa \n\u2502    73 \u2502   \u2502   \u2502   return self.graph.get_state(self.thread_config).values     \n\u2502                                                                              \n\u2502 \u256d\u2500\u2500\u2500\u2500\u2500\u2500\u2500\u2500\u2500\u2500\u2500\u2500\u2500\u2500\u2500\u2500\u2500\u2500\u2500\u2500\u2500\u2500\u2500\u2500\u2500\u2500\u2500\u2500\u2500\u2500\u2500\u2500\u2500 locals \u2500\u2500\u2500\u2500\u2500\u2500\u2500\u2500\u2500\u2500\u2500\u2500\u2500\u2500\u2500\u2500\u2500\u2500\u2500\u2500\u2500\u2500\u2500\u2500\u2500\u2500\u2500\u2500\u2500\u2500\u2500\u2500\u2500\u256e \n\u2502 \u2502 initial_state = {                                                        \u2502 \n\u2502 \u2502                 \u2502   'campaign_id': 'route-test-0ca25e9a',                \u2502 \n\u2502 \u2502                 \u2502   'session_id': 'session_001',                         \u2502 \n\u2502 \u2502                 \u2502   'turn_id': 'turn_000001',                            \u2502 \n\u2502 \u2502                 \u2502   'phase': 'play',                                     \u2502 \n\u2502 \u2502                 \u2502   'player_profile': None,                              \u2502 \n\u2502 \u2502                 \u2502   'content_policy': None,                              \u2502 \n\u2502 \u2502                 \u2502   'house_rules': None,                                 \u2502 \n\u2502 \u2502                 \u2502   'character_sheet': None,                             \u2502 \n\u2502 \u2502                 \u2502   'session_state': {                                   \u2502 \n\u2502 \u2502                 \u2502   \u2502   'current_scene_id': None,                        \u2502 \n\u2502 \u2502                 \u2502   \u2502   'current_location_id': None,                     \u2502 \n\u2502 \u2502                 \u2502   \u2502   'active_quest_ids': [],                          \u2502 \n\u2502 \u2502                 \u2502   \u2502   'in_game_clock': {                               \u2502 \n\u2502 \u2502                 \u2502   \u2502   \u2502   'day': 1,                                    \u2502 \n\u2502 \u2502                 \u2502   \u2502   \u2502   'hour': 12,                                  \u2502 \n\u2502 \u2502                 \u2502   \u2502   \u2502   'minute': 0                                  \u2502 \n\u2502 \u2502                 \u2502   \u2502   },                                               \u2502 \n\u2502 \u2502                 \u2502   \u2502   'turn_count': 0,                                 \u2502 \n\u2502 \u2502                 \u2502   \u2502   'transcript_cursor': None,                       \u2502 \n\u2502 \u2502                 \u2502   \u2502   'last_checkpoint_id': None                       \u2502 \n\u2502 \u2502                 \u2502   },                                                   \u2502 \n\u2502 \u2502                 \u2502   'combat_state': None,                                \u2502 \n\u2502 \u2502                 \u2502   ... +10                                              \u2502 \n\u2502 \u2502                 }                                                        \u2502 \n\u2502 \u2502          self = GraphRuntime(                                            \u2502 \n\u2502 \u2502                 \u2502   graph=<langgraph.graph.state.CompiledStateGraph      \u2502 \n\u2502 \u2502                 object at 0x000002B07E70D250>,                           \u2502 \n\u2502 \u2502                 \u2502   db_conn=<sqlite3.Connection object at                \u2502 \n\u2502 \u2502                 0x000002B07DD935B0>,                                     \u2502 \n\u2502 \u2502                 \u2502   campaign_id='route-test-0ca25e9a',                   \u2502 \n\u2502 \u2502                 \u2502   bootstrap=GraphBootstrap(                            \u2502 \n\u2502 \u2502                 \u2502   \u2502   services=AgentServices(                          \u2502 \n\u2502 \u2502                 \u2502   \u2502   \u2502   dice=DiceService(                            \u2502 \n\u2502 \u2502                 \u2502   \u2502   \u2502   \u2502   campaign_seed='route-test-0ca25e9a',     \u2502 \n\u2502 \u2502                 \u2502   \u2502   \u2502   \u2502   session_seed='session_001',              \u2502 \n\u2502 \u2502                 \u2502   \u2502   \u2502   \u2502   clock=<built-in method now of type       \u2502 \n\u2502 \u2502                 object at 0x00007FFA34174F00>                            \u2502 \n\u2502 \u2502                 \u2502   \u2502   \u2502   ),                                           \u2502 \n\u2502 \u2502                 \u2502   \u2502   \u2502   cost=<sagasmith.services.cost.CostGovernor   \u2502 \n\u2502 \u2502                 object at 0x000002B07DE53CB0>,                           \u2502 \n\u2502 \u2502                 \u2502   \u2502   \u2502   safety=SafetyEventService(                   \u2502 \n\u2502 \u2502                 \u2502   \u2502   \u2502   \u2502   conn=<sqlite3.Connection object at       \u2502 \n\u2502 \u2502                 0x000002B07DD935B0>,                                     \u2502 \n\u2502 \u2502                 \u2502   \u2502   \u2502   \u2502   _canary=RedactionCanary(                 \u2502 \n\u2502 \u2502                 \u2502   \u2502   \u2502   \u2502   \u2502   patterns=(                           \u2502 \n\u2502 \u2502                 \u2502   \u2502   \u2502   \u2502   \u2502   \u2502   (                                \u2502 \n\u2502 \u2502                 \u2502   \u2502   \u2502   \u2502   \u2502   \u2502   \u2502   'openrouter_key',            \u2502 \n\u2502 \u2502                 \u2502   \u2502   \u2502   \u2502   \u2502   \u2502   \u2502                                \u2502 \n\u2502 \u2502                 re.compile('sk-or-v1-[A-Za-z0-9]{16,}')                  \u2502 \n\u2502 \u2502                 \u2502   \u2502   \u2502   \u2502   \u2502   \u2502   ),                               \u2502 \n\u2502 \u2502                 \u2502   \u2502   \u2502   \u2502   \u2502   \u2502   (                                \u2502 \n\u2502 \u2502                 \u2502   \u2502   \u2502   \u2502   \u2502   \u2502   \u2502   'openai_project_key',        \u2502 \n\u2502 \u2502                 \u2502   \u2502   \u2502   \u2502   \u2502   \u2502   \u2502                                \u2502 \n\u2502 \u2502                 re.compile('sk-proj-[A-Za-z0-9_\\\\-]{20,}')               \u2502 \n\u2502 \u2502                 \u2502   \u2502   \u2502   \u2502   \u2502   \u2502   ),                               \u2502 \n\u2502 \u2502                 \u2502   \u2502   \u2502   \u2502   \u2502   \u2502   (                                \u2502 \n\u2502 \u2502                 \u2502   \u2502   \u2502   \u2502   \u2502   \u2502   \u2502   'openai_key',                \u2502 \n\u2502 \u2502                 \u2502   \u2502   \u2502   \u2502   \u2502   \u2502   \u2502                                \u2502 \n\u2502 \u2502                 re.compile('sk-[A-Za-z0-9]{20,}')                        \u2502 \n\u2502 \u2502                 \u2502   \u2502   \u2502   \u2502   \u2502   \u2502   ),                               \u2502 \n\u2502 \u2502                 \u2502   \u2502   \u2502   \u2502   \u2502   \u2502   (                                \u2502 \n\u2502 \u2502                 \u2502   \u2502   \u2502   \u2502   \u2502   \u2502   \u2502   'anthropic_key',             \u2502 \n\u2502 \u2502                 \u2502   \u2502   \u2502   \u2502   \u2502   \u2502   \u2502                                \u2502 \n\u2502 \u2502                 re.compile('sk-ant-[A-Za-z0-9\\\\-_]{20,}')                \u2502 \n\u2502 \u2502                 \u2502   \u2502   \u2502   \u2502   \u2502   \u2502   ),                               \u2502 \n\u2502 \u2502                 \u2502   \u2502   \u2502   \u2502   \u2502   \u2502   (                                \u2502 \n\u2502 \u2502                 \u2502   \u2502   \u2502   \u2502   \u2502   \u2502   \u2502   'bearer_header',             \u2502 \n\u2502 \u2502                 \u2502   \u2502   \u2502   \u2502   \u2502   \u2502   \u2502                                \u2502 \n\u2502 \u2502                 re.compile('(?i)authorization:\\\\s*bearer\\\\s+[A-Za-z0-9.\u2026 \u2502 \n\u2502 \u2502                 re.IGNORECASE)                                           \u2502 \n\u2502 \u2502                 \u2502   \u2502   \u2502   \u2502   \u2502   \u2502   ),                               \u2502 \n\u2502 \u2502                 \u2502   \u2502   \u2502   \u2502   \u2502   \u2502   (                                \u2502 \n\u2502 \u2502                 \u2502   \u2502   \u2502   \u2502   \u2502   \u2502   \u2502   'aws_access_key',            \u2502 \n\u2502 \u2502                 \u2502   \u2502   \u2502   \u2502   \u2502   \u2502   \u2502                                \u2502 \n\u2502 \u2502                 re.compile('AKIA[0-9A-Z]{16}')                           \u2502 \n\u2502 \u2502                 \u2502   \u2502   \u2502   \u2502   \u2502   \u2502   ),                               \u2502 \n\u2502 \u2502                 \u2502   \u2502   \u2502   \u2502   \u2502   \u2502   (                                \u2502 \n\u2502 \u2502                 \u2502   \u2502   \u2502   \u2502   \u2502   \u2502   \u2502   'high_entropy_hex',          \u2502 \n\u2502 \u2502                 \u2502   \u2502   \u2502   \u2502   \u2502   \u2502   \u2502                                \u2502 \n\u2502 \u2502                 re.compile('\\\\b[a-f0-9]{48,}\\\\b')                        \u2502 \n\u2502 \u2502                 \u2502   \u2502   \u2502   \u2502   \u2502   \u2502   )                                \u2502 \n\u2502 \u2502                 \u2502   \u2502   \u2502   \u2502   \u2502   )                                    \u2502 \n\u2502 \u2502                 \u2502   \u2502   \u2502   \u2502   )                                        \u2502 \n\u2502 \u2502                 \u2502   \u2502   \u2502   ),                                           \u2502 \n\u2502 \u2502                 \u2502   \u2502   \u2502   llm=None,                                    \u2502 \n\u2502 \u2502                 \u2502   \u2502   \u2502   _call_recorder=None                          \u2502 \n\u2502 \u2502                 \u2502   \u2502   ),                                               \u2502 \n\u2502 \u2502                 \u2502   \u2502   onboarding=<function                             \u2502 \n\u2502 \u2502                 _wrap_bootstrap_with_logger.<locals>._wrap.<locals>.wra\u2026 \u2502 \n\u2502 \u2502                 at 0x000002B07DE42CA0>,                                  \u2502 \n\u2502 \u2502                 \u2502   \u2502   oracle=<function                                 \u2502 \n\u2502 \u2502                 _wrap_bootstrap_with_logger.<locals>._wrap.<locals>.wra\u2026 \u2502 \n\u2502 \u2502                 at 0x000002B07E6FBF60>,                                  \u2502 \n\u2502 \u2502                 \u2502   \u2502   rules_lawyer=<function                           \u2502 \n\u2502 \u2502                 _wrap_bootstrap_with_logger.<locals>._wrap.<locals>.wra\u2026 \u2502 \n\u2502 \u2502                 at 0x000002B07E710180>,                                  \u2502 \n\u2502 \u2502                 \u2502   \u2502   orator=<function                                 \u2502 \n\u2502 \u2502                 _wrap_bootstrap_with_logger.<locals>._wrap.<locals>.wra\u2026 \u2502 \n\u2502 \u2502                 at 0x000002B07E7104A0>,                                  \u2502 \n\u2502 \u2502                 \u2502   \u2502   archivist=<function                              \u2502 \n\u2502 \u2502                 _wrap_bootstrap_with_logger.<locals>._wrap.<locals>.wra\u2026 \u2502 \n\u2502 \u2502                 at 0x000002B07E7105E0>                                   \u2502 \n\u2502 \u2502                 \u2502   )                                                    \u2502 \n\u2502 \u2502                 )                                                        \u2502 \n\u2502 \u2502      snapshot = StateSnapshot(                                           \u2502 \n\u2502 \u2502                 \u2502   values={},                                           \u2502 \n\u2502 \u2502                 \u2502   next=(),                                             \u2502 \n\u2502 \u2502                 \u2502   config={                                             \u2502 \n\u2502 \u2502                 \u2502   \u2502   'configurable': {                                \u2502 \n\u2502 \u2502                 \u2502   \u2502   \u2502   'thread_id': 'campaign:route-test-0ca25e9a'  \u2502 \n\u2502 \u2502                 \u2502   \u2502   }                                                \u2502 \n\u2502 \u2502                 \u2502   },                                                   \u2502 \n\u2502 \u2502                 \u2502   metadata=None,                                       \u2502 \n\u2502 \u2502                 \u2502   created_at=None,                                     \u2502 \n\u2502 \u2502                 \u2502   parent_config=None,                                  \u2502 \n\u2502 \u2502                 \u2502   tasks=(),                                            \u2502 \n\u2502 \u2502                 \u2502   interrupts=()                                        \u2502 \n\u2502 \u2502                 )                                                        \u2502 \n\u2502 \u2502       turn_id = 'turn_000001'                                            \u2502 \n\u2502 \u2570\u2500\u2500\u2500\u2500\u2500\u2500\u2500\u2500\u2500\u2500\u2500\u2500\u2500\u2500\u2500\u2500\u2500\u2500\u2500\u2500\u2500\u2500\u2500\u2500\u2500\u2500\u2500\u2500\u2500\u2500\u2500\u2500\u2500\u2500\u2500\u2500\u2500\u2500\u2500\u2500\u2500\u2500\u2500\u2500\u2500\u2500\u2500\u2500\u2500\u2500\u2500\u2500\u2500\u2500\u2500\u2500\u2500\u2500\u2500\u2500\u2500\u2500\u2500\u2500\u2500\u2500\u2500\u2500\u2500\u2500\u2500\u2500\u2500\u2500\u256f \n\u2502                                                                              \n\u2502 C:\\PersonalDevFiles\\KiloCodeFiles\\AI-TTRPG-GoAnywhereDoAnything\\.venv\\Lib\\si \n\u2502 te-packages\\langgraph\\pregel\\main.py:3365 in invoke                          \n\u2502                                                                              \n\u2502   3362 \u2502   \u2502   \u2502   \u2502   \u2502   chunks.append(chunk)                              \n\u2502   3363 \u2502   \u2502   else:                                                         \n\u2502   3364 \u2502   \u2502   \u2502   # v1: collect interrupts from updates stream              \n\u2502 \u2771 3365 \u2502   \u2502   \u2502   for chunk in self.stream(                                 \n\u2502   3366 \u2502   \u2502   \u2502   \u2502   input,                                                \n\u2502   3367 \u2502   \u2502   \u2502   \u2502   config,                                               \n\u2502   3368 \u2502   \u2502   \u2502   \u2502   context=context,                                      \n\u2502                                                                              \n\u2502 \u256d\u2500\u2500\u2500\u2500\u2500\u2500\u2500\u2500\u2500\u2500\u2500\u2500\u2500\u2500\u2500\u2500\u2500\u2500\u2500\u2500\u2500\u2500\u2500\u2500\u2500\u2500\u2500\u2500\u2500\u2500\u2500\u2500\u2500 locals \u2500\u2500\u2500\u2500\u2500\u2500\u2500\u2500\u2500\u2500\u2500\u2500\u2500\u2500\u2500\u2500\u2500\u2500\u2500\u2500\u2500\u2500\u2500\u2500\u2500\u2500\u2500\u2500\u2500\u2500\u2500\u2500\u2500\u256e \n\u2502 \u2502            chunk = (                                                     \u2502 \n\u2502 \u2502                    \u2502   'values',                                         \u2502 \n\u2502 \u2502                    \u2502   {                                                 \u2502 \n\u2502 \u2502                    \u2502   \u2502   'campaign_id': 'route-test-0ca25e9a',         \u2502 \n\u2502 \u2502                    \u2502   \u2502   'session_id': 'session_001',                  \u2502 \n\u2502 \u2502                    \u2502   \u2502   'turn_id': 'turn_000001',                     \u2502 \n\u2502 \u2502                    \u2502   \u2502   'phase': 'play',                              \u2502 \n\u2502 \u2502                    \u2502   \u2502   'player_profile': None,                       \u2502 \n\u2502 \u2502                    \u2502   \u2502   'content_policy': None,                       \u2502 \n\u2502 \u2502                    \u2502   \u2502   'house_rules': None,                          \u2502 \n\u2502 \u2502                    \u2502   \u2502   'character_sheet': None,                      \u2502 \n\u2502 \u2502                    \u2502   \u2502   'session_state': {                            \u2502 \n\u2502 \u2502                    \u2502   \u2502   \u2502   'current_scene_id': None,                 \u2502 \n\u2502 \u2502                    \u2502   \u2502   \u2502   'current_location_id': None,              \u2502 \n\u2502 \u2502                    \u2502   \u2502   \u2502   'active_quest_ids': [],                   \u2502 \n\u2502 \u2502                    \u2502   \u2502   \u2502   'in_game_clock': {                        \u2502 \n\u2502 \u2502                    \u2502   \u2502   \u2502   \u2502   'day': 1,                             \u2502 \n\u2502 \u2502                    \u2502   \u2502   \u2502   \u2502   'hour': 12,                           \u2502 \n\u2502 \u2502                    \u2502   \u2502   \u2502   \u2502   'minute': 0                           \u2502 \n\u2502 \u2502                    \u2502   \u2502   \u2502   },                                        \u2502 \n\u2502 \u2502                    \u2502   \u2502   \u2502   'turn_count': 0,                          \u2502 \n\u2502 \u2502                    \u2502   \u2502   \u2502   'transcript_cursor': None,                \u2502 \n\u2502 \u2502                    \u2502   \u2502   \u2502   'last_checkpoint_id': None                \u2502 \n\u2502 \u2502                    \u2502   \u2502   },                                            \u2502 \n\u2502 \u2502                    \u2502   \u2502   'combat_state': None,                         \u2502 \n\u2502 \u2502                    \u2502   \u2502   ... +10                                       \u2502 \n\u2502 \u2502                    \u2502   }                                                 \u2502 \n\u2502 \u2502                    )                                                     \u2502 \n\u2502 \u2502           chunks = []                                                    \u2502 \n\u2502 \u2502           config = {                                                     \u2502 \n\u2502 \u2502                    \u2502   'configurable': {                                 \u2502 \n\u2502 \u2502                    \u2502   \u2502   'thread_id': 'campaign:route-test-0ca25e9a'   \u2502 \n\u2502 \u2502                    \u2502   }                                                 \u2502 \n\u2502 \u2502                    }                                                     \u2502 \n\u2502 \u2502          context = None                                                  \u2502 \n\u2502 \u2502       durability = None                                                  \u2502 \n\u2502 \u2502            input = {                                                     \u2502 \n\u2502 \u2502                    \u2502   'campaign_id': 'route-test-0ca25e9a',             \u2502 \n\u2502 \u2502                    \u2502   'session_id': 'session_001',                      \u2502 \n\u2502 \u2502                    \u2502   'turn_id': 'turn_000001',                         \u2502 \n\u2502 \u2502                    \u2502   'phase': 'play',                                  \u2502 \n\u2502 \u2502                    \u2502   'player_profile': None,                           \u2502 \n\u2502 \u2502                    \u2502   'content_policy': None,                           \u2502 \n\u2502 \u2502                    \u2502   'house_rules': None,                              \u2502 \n\u2502 \u2502                    \u2502   'character_sheet': None,                          \u2502 \n\u2502 \u2502                    \u2502   'session_state': {                                \u2502 \n\u2502 \u2502                    \u2502   \u2502   'current_scene_id': None,                     \u2502 \n\u2502 \u2502                    \u2502   \u2502   'current_location_id': None,                  \u2502 \n\u2502 \u2502                    \u2502   \u2502   'active_quest_ids': [],                       \u2502 \n\u2502 \u2502                    \u2502   \u2502   'in_game_clock': {                            \u2502 \n\u2502 \u2502                    \u2502   \u2502   \u2502   'day': 1,                                 \u2502 \n\u2502 \u2502                    \u2502   \u2502   \u2502   'hour': 12,                               \u2502 \n\u2502 \u2502                    \u2502   \u2502   \u2502   'minute': 0                               \u2502 \n\u2502 \u2502                    \u2502   \u2502   },                                            \u2502 \n\u2502 \u2502                    \u2502   \u2502   'turn_count': 0,                              \u2502 \n\u2502 \u2502                    \u2502   \u2502   'transcript_cursor': None,                    \u2502 \n\u2502 \u2502                    \u2502   \u2502   'last_checkpoint_id': None                    \u2502 \n\u2502 \u2502                    \u2502   },                                                \u2502 \n\u2502 \u2502                    \u2502   'combat_state': None,                             \u2502 \n\u2502 \u2502                    \u2502   ... +10                                           \u2502 \n\u2502 \u2502                    }                                                     \u2502 \n\u2502 \u2502  interrupt_after = None                                                  \u2502 \n\u2502 \u2502 interrupt_before = None                                                  \u2502 \n\u2502 \u2502       interrupts = []                                                    \u2502 \n\u2502 \u2502           kwargs = {}                                                    \u2502 \n\u2502 \u2502           latest = {                                                     \u2502 \n\u2502 \u2502                    \u2502   'campaign_id': 'route-test-0ca25e9a',             \u2502 \n\u2502 \u2502                    \u2502   'session_id': 'session_001',                      \u2502 \n\u2502 \u2502                    \u2502   'turn_id': 'turn_000001',                         \u2502 \n\u2502 \u2502                    \u2502   'phase': 'play',                                  \u2502 \n\u2502 \u2502                    \u2502   'player_profile': None,                           \u2502 \n\u2502 \u2502                    \u2502   'content_policy': None,                           \u2502 \n\u2502 \u2502                    \u2502   'house_rules': None,                              \u2502 \n\u2502 \u2502                    \u2502   'character_sheet': None,                          \u2502 \n\u2502 \u2502                    \u2502   'session_state': {                                \u2502 \n\u2502 \u2502                    \u2502   \u2502   'current_scene_id': None,                     \u2502 \n\u2502 \u2502                    \u2502   \u2502   'current_location_id': None,                  \u2502 \n\u2502 \u2502                    \u2502   \u2502   'active_quest_ids': [],                       \u2502 \n\u2502 \u2502                    \u2502   \u2502   'in_game_clock': {                            \u2502 \n\u2502 \u2502                    \u2502   \u2502   \u2502   'day': 1,                                 \u2502 \n\u2502 \u2502                    \u2502   \u2502   \u2502   'hour': 12,                               \u2502 \n\u2502 \u2502                    \u2502   \u2502   \u2502   'minute': 0                               \u2502 \n\u2502 \u2502                    \u2502   \u2502   },                                            \u2502 \n\u2502 \u2502                    \u2502   \u2502   'turn_count': 0,                              \u2502 \n\u2502 \u2502                    \u2502   \u2502   'transcript_cursor': None,                    \u2502 \n\u2502 \u2502                    \u2502   \u2502   'last_checkpoint_id': None                    \u2502 \n\u2502 \u2502                    \u2502   },                                                \u2502 \n\u2502 \u2502                    \u2502   'combat_state': None,                             \u2502 \n\u2502 \u2502                    \u2502   ... +10                                           \u2502 \n\u2502 \u2502                    }                                                     \u2502 \n\u2502 \u2502             mode = 'values'                                              \u2502 \n\u2502 \u2502      output_keys = [                                                     \u2502 \n\u2502 \u2502                    \u2502   'campaign_id',                                    \u2502 \n\u2502 \u2502                    \u2502   'session_id',                                     \u2502 \n\u2502 \u2502                    \u2502   'turn_id',                                        \u2502 \n\u2502 \u2502                    \u2502   'phase',                                          \u2502 \n\u2502 \u2502                    \u2502   'player_profile',                                 \u2502 \n\u2502 \u2502                    \u2502   'content_policy',                                 \u2502 \n\u2502 \u2502                    \u2502   'house_rules',                                    \u2502 \n\u2502 \u2502                    \u2502   'character_sheet',                                \u2502 \n\u2502 \u2502                    \u2502   'session_state',                                  \u2502 \n\u2502 \u2502                    \u2502   'combat_state',                                   \u2502 \n\u2502 \u2502                    \u2502   ... +10                                           \u2502 \n\u2502 \u2502                    ]                                                     \u2502 \n\u2502 \u2502          payload = {                                                     \u2502 \n\u2502 \u2502                    \u2502   'campaign_id': 'route-test-0ca25e9a',             \u2502 \n\u2502 \u2502                    \u2502   'session_id': 'session_001',                      \u2502 \n\u2502 \u2502                    \u2502   'turn_id': 'turn_000001',           
[...]
2502 \n\u2502 \u2502           \u2502   \u2502   checkpoint_id='1f1427de-4056-69de-8000-160219776361',  \u2502 \n\u2502 \u2502           \u2502   \u2502                                                          \u2502 \n\u2502 \u2502           checkpoint_ns='oracle:a9466529-aef4-7dab-a44f-640ef8c1551a',   \u2502 \n\u2502 \u2502           \u2502   \u2502   task_id='a9466529-aef4-7dab-a44f-640ef8c1551a',        \u2502 \n\u2502 \u2502           \u2502   \u2502   thread_id='campaign:route-test-0ca25e9a',              \u2502 \n\u2502 \u2502           \u2502   \u2502   run_id=None,                                           \u2502 \n\u2502 \u2502           \u2502   \u2502   node_attempt=1,                                        \u2502 \n\u2502 \u2502           \u2502   \u2502   node_first_attempt_time=1777324388.9101279             \u2502 \n\u2502 \u2502           \u2502   ),                                                         \u2502 \n\u2502 \u2502           \u2502   server_info=None                                           \u2502 \n\u2502 \u2502           )                                                              \u2502 \n\u2502 \u2502    self = oracle(tags=None, recurse=True, explode_args=False,            \u2502 \n\u2502 \u2502           func_accepts={})                                               \u2502 \n\u2502 \u2570\u2500\u2500\u2500\u2500\u2500\u2500\u2500\u2500\u2500\u2500\u2500\u2500\u2500\u2500\u2500\u2500\u2500\u2500\u2500\u2500\u2500\u2500\u2500\u2500\u2500\u2500\u2500\u2500\u2500\u2500\u2500\u2500\u2500\u2500\u2500\u2500\u2500\u2500\u2500\u2500\u2500\u2500\u2500\u2500\u2500\u2500\u2500\u2500\u2500\u2500\u2500\u2500\u2500\u2500\u2500\u2500\u2500\u2500\u2500\u2500\u2500\u2500\u2500\u2500\u2500\u2500\u2500\u2500\u2500\u2500\u2500\u2500\u2500\u2500\u256f \n\u2502                                                                              \n\u2502 C:\\PersonalDevFiles\\KiloCodeFiles\\AI-TTRPG-GoAnywhereDoAnything\\src\\sagasmit \n\u2502 h\\graph\\runtime.py:216 in wrapped                                            \n\u2502                                                                              \n\u2502   213 \u2502   def _wrap(node_fn, agent_name):                                    \n\u2502   214 \u2502   \u2502   def wrapped(state, *args, **kwargs):                           \n\u2502   215 \u2502   \u2502   \u2502   turn_id = state["turn_id"]                                 \n\u2502 \u2771 216 \u2502   \u2502   \u2502   with AgentActivationLogger(                                \n\u2502   217 \u2502   \u2502   \u2502   \u2502   db_conn, turn_id=turn_id, agent_name=agent_name        \n\u2502   218 \u2502   \u2502   \u2502   ):                                                         \n\u2502   219 \u2502   \u2502   \u2502   \u2502   return node_fn(state, *args, **kwargs)                 \n\u2502                                                                              \n\u2502 \u256d\u2500\u2500\u2500\u2500\u2500\u2500\u2500\u2500\u2500\u2500\u2500\u2500\u2500\u2500\u2500\u2500\u2500\u2500\u2500\u2500\u2500\u2500\u2500\u2500\u2500\u2500\u2500\u2500\u2500\u2500\u2500\u2500\u2500 locals \u2500\u2500\u2500\u2500\u2500\u2500\u2500\u2500\u2500\u2500\u2500\u2500\u2500\u2500\u2500\u2500\u2500\u2500\u2500\u2500\u2500\u2500\u2500\u2500\u2500\u2500\u2500\u2500\u2500\u2500\u2500\u2500\u2500\u256e \n\u2502 \u2502 agent_name = 'oracle'                                                    \u2502 \n\u2502 \u2502       args = ()                                                          \u2502 \n\u2502 \u2502    db_conn = <sqlite3.Connection object at 0x000002B07DD935B0>           \u2502 \n\u2502 \u2502     kwargs = {}                                                          \u2502 \n\u2502 \u2502    node_fn = functools.partial(<function oracle_node at                  \u2502 \n\u2502 \u2502              0x000002B07DE43060>,                                        \u2502 \n\u2502 \u2502              services=AgentServices(dice=DiceService(campaign_seed='rou\u2026 \u2502 \n\u2502 \u2502              session_seed='session_001', clock=<built-in method now of   \u2502 \n\u2502 \u2502              type object at 0x00007FFA34174F00>),                        \u2502 \n\u2502 \u2502              cost=<sagasmith.services.cost.CostGovernor object at        \u2502 \n\u2502 \u2502              0x000002B07DE53CB0>,                                        \u2502 \n\u2502 \u2502              safety=SafetyEventService(conn=<sqlite3.Connection object   \u2502 \n\u2502 \u2502              at 0x000002B07DD935B0>,                                     \u2502 \n\u2502 \u2502              _canary=RedactionCanary(patterns=(('openrouter_key',        \u2502 \n\u2502 \u2502              re.compile('sk-or-v1-[A-Za-z0-9]{16,}')),                   \u2502 \n\u2502 \u2502              ('openai_project_key',                                      \u2502 \n\u2502 \u2502              re.compile('sk-proj-[A-Za-z0-9_\\\\-]{20,}')), ('openai_key', \u2502 \n\u2502 \u2502              re.compile('sk-[A-Za-z0-9]{20,}')), ('anthropic_key',       \u2502 \n\u2502 \u2502              re.compile('sk-ant-[A-Za-z0-9\\\\-_]{20,}')),                 \u2502 \n\u2502 \u2502              ('bearer_header',                                           \u2502 \n\u2502 \u2502              re.compile('(?i)authorization:\\\\s*bearer\\\\s+[A-Za-z0-9._\\\\\u2026 \u2502 \n\u2502 \u2502              re.IGNORECASE)), ('aws_access_key',                         \u2502 \n\u2502 \u2502              re.compile('AKIA[0-9A-Z]{16}')), ('high_entropy_hex',       \u2502 \n\u2502 \u2502              re.compile('\\\\b[a-f0-9]{48,}\\\\b'))))), llm=None,            \u2502 \n\u2502 \u2502              _call_recorder=None))                                       \u2502 \n\u2502 \u2502      state = {                                                           \u2502 \n\u2502 \u2502              \u2502   'campaign_id': 'route-test-0ca25e9a',                   \u2502 \n\u2502 \u2502              \u2502   'session_id': 'session_001',                            \u2502 \n\u2502 \u2502              \u2502   'turn_id': 'turn_000001',                               \u2502 \n\u2502 \u2502              \u2502   'phase': 'play',                                        \u2502 \n\u2502 \u2502              \u2502   'player_profile': None,                                 \u2502 \n\u2502 \u2502              \u2502   'content_policy': None,                                 \u2502 \n\u2502 \u2502              \u2502   'house_rules': None,                                    \u2502 \n\u2502 \u2502              \u2502   'character_sheet': None,                                \u2502 \n\u2502 \u2502              \u2502   'session_state': {                                      \u2502 \n\u2502 \u2502              \u2502   \u2502   'current_scene_id': None,                           \u2502 \n\u2502 \u2502              \u2502   \u2502   'current_location_id': None,                        \u2502 \n\u2502 \u2502              \u2502   \u2502   'active_quest_ids': [],                             \u2502 \n\u2502 \u2502              \u2502   \u2502   'in_game_clock': {                                  \u2502 \n\u2502 \u2502              \u2502   \u2502   \u2502   'day': 1,                                       \u2502 \n\u2502 \u2502              \u2502   \u2502   \u2502   'hour': 12,                                     \u2502 \n\u2502 \u2502              \u2502   \u2502   \u2502   'minute': 0                                     \u2502 \n\u2502 \u2502              \u2502   \u2502   },                                                  \u2502 \n\u2502 \u2502              \u2502   \u2502   'turn_count': 0,                                    \u2502 \n\u2502 \u2502              \u2502   \u2502   'transcript_cursor': None,                          \u2502 \n\u2502 \u2502              \u2502   \u2502   'last_checkpoint_id': None                          \u2502 \n\u2502 \u2502              \u2502   },                                                      \u2502 \n\u2502 \u2502              \u2502   'combat_state': None,                                   \u2502 \n\u2502 \u2502              \u2502   ... +10                                                 \u2502 \n\u2502 \u2502              }                                                           \u2502 \n\u2502 \u2502    turn_id = 'turn_000001'                                               \u2502 \n\u2502 \u2570\u2500\u2500\u2500\u2500\u2500\u2500\u2500\u2500\u2500\u2500\u2500\u2500\u2500\u2500\u2500\u2500\u2500\u2500\u2500\u2500\u2500\u2500\u2500\u2500\u2500\u2500\u2500\u2500\u2500\u2500\u2500\u2500\u2500\u2500\u2500\u2500\u2500\u2500\u2500\u2500\u2500\u2500\u2500\u2500\u2500\u2500\u2500\u2500\u2500\u2500\u2500\u2500\u2500\u2500\u2500\u2500\u2500\u2500\u2500\u2500\u2500\u2500\u2500\u2500\u2500\u2500\u2500\u2500\u2500\u2500\u2500\u2500\u2500\u2500\u256f \n\u2502                                                                              \n\u2502 C:\\PersonalDevFiles\\KiloCodeFiles\\AI-TTRPG-GoAnywhereDoAnything\\src\\sagasmit \n\u2502 h\\graph\\activation_log.py:127 in __exit__                                    \n\u2502                                                                              \n\u2502   124 \u2502   \u2502   \u2502   canary = self._canary or _default_canary()                 \n\u2502   125 \u2502   \u2502   \u2502   if canary.scan(record.model_dump_json()):                  \n\u2502   126 \u2502   \u2502   \u2502   \u2502   raise TrustServiceError("agent activation record conta \n\u2502 \u2771 127 \u2502   \u2502   \u2502   AgentSkillLogRepository(self._conn).append(record)         \n\u2502   128 \u2502   \u2502   \u2502   # Do NOT commit \u2014 caller owns the transaction.             \n\u2502   129 \u2502   \u2502   finally:                                                       \n\u2502   130 \u2502   \u2502   \u2502   if self._token is not None:                                \n\u2502                                                                              \n\u2502 \u256d\u2500\u2500\u2500\u2500\u2500\u2500\u2500\u2500\u2500\u2500\u2500\u2500\u2500\u2500\u2500\u2500\u2500\u2500\u2500\u2500\u2500\u2500\u2500\u2500\u2500\u2500\u2500\u2500\u2500\u2500\u2500\u2500\u2500 locals \u2500\u2500\u2500\u2500\u2500\u2500\u2500\u2500\u2500\u2500\u2500\u2500\u2500\u2500\u2500\u2500\u2500\u2500\u2500\u2500\u2500\u2500\u2500\u2500\u2500\u2500\u2500\u2500\u2500\u2500\u2500\u2500\u2500\u256e \n\u2502 \u2502       canary = RedactionCanary(                                          \u2502 \n\u2502 \u2502                \u2502   patterns=(                                            \u2502 \n\u2502 \u2502                \u2502   \u2502   (                                                 \u2502 \n\u2502 \u2502                \u2502   \u2502   \u2502   'openrouter_key',                             \u2502 \n\u2502 \u2502                \u2502   \u2502   \u2502   re.compile('sk-or-v1-[A-Za-z0-9]{16,}')       \u2502 \n\u2502 \u2502                \u2502   \u2502   ),                                                \u2502 \n\u2502 \u2502                \u2502   \u2502   (                                                 \u2502 \n\u2502 \u2502                \u2502   \u2502   \u2502   'openai_project_key',                         \u2502 \n\u2502 \u2502                \u2502   \u2502   \u2502   re.compile('sk-proj-[A-Za-z0-9_\\\\-]{20,}')    \u2502 \n\u2502 \u2502                \u2502   \u2502   ),                                                \u2502 \n\u2502 \u2502                \u2502   \u2502   (                                                 \u2502 \n\u2502 \u2502                \u2502   \u2502   \u2502   'openai_key',                                 \u2502 \n\u2502 \u2502                \u2502   \u2502   \u2502   re.compile('sk-[A-Za-z0-9]{20,}')             \u2502 \n\u2502 \u2502                \u2502   \u2502   ),                                                \u2502 \n\u2502 \u2502                \u2502   \u2502   (                                                 \u2502 \n\u2502 \u2502                \u2502   \u2502   \u2502   'anthropic_key',                              \u2502 \n\u2502 \u2502                \u2502   \u2502   \u2502   re.compile('sk-ant-[A-Za-z0-9\\\\-_]{20,}')     \u2502 \n\u2502 \u2502                \u2502   \u2502   ),                                                \u2502 \n\u2502 \u2502                \u2502   \u2502   (                                                 \u2502 \n\u2502 \u2502                \u2502   \u2502   \u2502   'bearer_header',                              \u2502 \n\u2502 \u2502                \u2502   \u2502   \u2502                                                 \u2502 \n\u2502 \u2502                re.compile('(?i)authorization:\\\\s*bearer\\\\s+[A-Za-z0-9._\u2026 \u2502 \n\u2502 \u2502                re.IGNORECASE)                                            \u2502 \n\u2502 \u2502                \u2502   \u2502   ),                                                \u2502 \n\u2502 \u2502                \u2502   \u2502   (                                                 \u2502 \n\u2502 \u2502                \u2502   \u2502   \u2502   'aws_access_key',                             \u2502 \n\u2502 \u2502                \u2502   \u2502   \u2502   re.compile('AKIA[0-9A-Z]{16}')                \u2502 \n\u2502 \u2502                \u2502   \u2502   ),                                                \u2502 \n\u2502 \u2502                \u2502   \u2502   (                                                 \u2502 \n\u2502 \u2502                \u2502   \u2502   \u2502   'high_entropy_hex',                           \u2502 \n\u2502 \u2502                \u2502   \u2502   \u2502   re.compile('\\\\b[a-f0-9]{48,}\\\\b')             \u2502 \n\u2502 \u2502                \u2502   \u2502   )                                                 \u2502 \n\u2502 \u2502                \u2502   )                                                     \u2502 \n\u2502 \u2502                )                                                         \u2502 \n\u2502 \u2502 completed_at = '2026-04-27T21:13:08.910127+00:00'                        \u2502 \n\u2502 \u2502          exc = None                                                      \u2502 \n\u2502 \u2502     exc_type = None                                                      \u2502 \n\u2502 \u2502      outcome = 'success'                                                 \u2502 \n\u2502 \u2502       record = AgentSkillLogRecord(                                      \u2502 \n\u2502 \u2502                \u2502   turn_id='turn_000001',                                \u2502 \n\u2502 \u2502                \u2502   agent_name='oracle',                                  \u2502 \n\u2502 \u2502                \u2502   skill_name=None,                                      \u2502 \n\u2502 \u2502                \u2502   started_at='2026-04-27T21:13:08.910127+00:00',        \u2502 \n\u2502 \u2502                \u2502   completed_at='2026-04-27T21:13:08.910127+00:00',      \u2502 \n\u2502 \u2502                \u2502   outcome='success'                                     \u2502 \n\u2502 \u2502                )                                                         \u2502 \n\u2502 \u2502         self = <sagasmith.graph.activation_log.AgentActivationLogger     \u2502 \n\u2502 \u2502                object at 0x000002B07E92A150>                             \u2502 \n\u2502 \u2502           tb = None                                                      \u2502 \n\u2502 \u2570\u2500\u2500\u2500\u2500\u2500\u2500\u2500\u2500\u2500\u2500\u2500\u2500\u2500\u2500\u2500\u2500\u2500\u2500\u2500\u2500\u2500\u2500\u2500\u2500\u2500\u2500\u2500\u2500\u2500\u2500\u2500\u2500\u2500\u2500\u2500\u2500\u2500\u2500\u2500\u2500\u2500\u2500\u2500\u2500\u2500\u2500\u2500\u2500\u2500\u2500\u2500\u2500\u2500\u2500\u2500\u2500\u2500\u2500\u2500\u2500\u2500\u2500\u2500\u2500\u2500\u2500\u2500\u2500\u2500\u2500\u2500\u2500\u2500\u2500\u256f \n\u2502                                                                              \n\u2502 C:\\PersonalDevFiles\\KiloCodeFiles\\AI-TTRPG-GoAnywhereDoAnything\\src\\sagasmit \n\u2502 h\\persistence\\repositories.py:343 in append                                  \n\u2502                                                                              \n\u2502   340 \u2502   conn: sqlite3.Connection                                           \n\u2502   341 \u2502                                                                      \n\u2502   342 \u2502   def append(self, record: AgentSkillLogRecord) -> int:              \n\u2502 \u2771 343 \u2502   \u2502   cursor = self.conn.execute(                                    \n\u2502   344 \u2502   \u2502   \u2502   """                                                        \n\u2502   345 \u2502   \u2502   \u2502   INSERT INTO agent_skill_log                                \n\u2502   346 \u2502   \u2502   \u2502   \u2502   (turn_id, agent_name, skill_name, started_at, complete \n\u2502                                                                              \n\u2502 \u256d\u2500\u2500\u2500\u2500\u2500\u2500\u2500\u2500\u2500\u2500\u2500\u2500\u2500\u2500\u2500\u2500\u2500\u2500\u2500\u2500\u2500\u2500\u2500\u2500\u2500\u2500\u2500\u2500\u2500\u2500 locals \u2500\u2500\u2500\u2500\u2500\u2500\u2500\u2500\u2500\u2500\u2500\u2500\u2500\u2500\u2500\u2500\u2500\u2500\u2500\u2500\u2500\u2500\u2500\u2500\u2500\u2500\u2500\u2500\u2500\u2500\u2500\u256e      \n\u2502 \u2502 record = AgentSkillLogRecord(                                       \u2502      \n\u2502 \u2502          \u2502   turn_id='turn_000001',                                 \u2502      \n\u2502 \u2502          \u2502   agent_name='oracle',                                   \u2502      \n\u2502 \u2502          \u2502   skill_name=None,                                       \u2502      \n\u2502 \u2502          \u2502   started_at='2026-04-27T21:13:08.910127+00:00',         \u2502      \n\u2502 \u2502          \u2502   completed_at='2026-04-27T21:13:08.910127+00:00',       \u2502      \n\u2502 \u2502          \u2502   outcome='success'                                      \u2502      \n\u2502 \u2502          )                                                          \u2502      \n\u2502 \u2502   self = AgentSkillLogRepository(                                   \u2502      \n\u2502 \u2502          \u2502   conn=<sqlite3.Connection object at 0x000002B07DD935B0> \u2502      \n\u2502 \u2502          )                                                          \u2502      \n\u2502 \u2570\u2500\u2500\u2500\u2500\u2500\u2500\u2500\u2500\u2500\u2500\u2500\u2500\u2500\u2500\u2500\u2500\u2500\u2500\u2500\u2500\u2500\u2500\u2500\u2500\u2500\u2500\u2500\u2500\u2500\u2500\u2500\u2500\u2500\u2500\u2500\u2500\u2500\u2500\u2500\u2500\u2500\u2500\u2500\u2500\u2500\u2500\u2500\u2500\u2500\u2500\u2500\u2500\u2500\u2500\u2500\u2500\u2500\u2500\u2500\u2500\u2500\u2500\u2500\u2500\u2500\u2500\u2500\u2500\u2500\u256f      \n\u2570\u2500\u2500\u2500\u2500\u2500\u2500\u2500\u2500\u2500\u2500\u2500\u2500\u2500\u2500\u2500\u2500\u2500\u2500\u2500\u2500\u2500\u2500\u2500\u2500\u2500\u2500\u2500\u2500\u2500\u2500\u2500\u2500\u2500\u2500\u2500\u2500\u2500\u2500\u2500\u2500\u2500\u2500\u2500\u2500\u2500\u2500\u2500\u2500\u2500\u2500\u2500\u2500\u2500\u2500\u2500\u2500\u2500\u2500\u2500\u2500\u2500\u2500\u2500\u2500\u2500\u2500\u2500\u2500\u2500\u2500\u2500\u2500\u2500\u2500\u2500\u2500\u2500\u2500\nIntegrityError: FOREIGN KEY constraint failed\n[NOTE] During task with name 'oracle' and id \n'a9466529-aef4-7dab-a44f-640ef8c1551a'
=========================== short test summary info ===========================
FAILED tests/tui/test_input_routing.py::test_freeform_input_echoes_to_narration
============================== 1 failed in 3.16s ==============================
